# JRE version: OpenJDK Runtime Environment (8.0_152-b01) (build 1.8.0_152-release-915-b01)
# Java VM: OpenJDK 64-Bit Server VM (25.152-b01 mixed mode windows-amd64 compressed oops)
Heap:
 PSYoungGen      total 361984K, used 339865K [0x00000000e0000000, 0x00000000f9a80000, 0x0000000100000000)
  eden space 319488K, 97% used [0x00000000e0000000,0x00000000f318a578,0x00000000f3800000)
  from space 42496K, 63% used [0x00000000f3800000,0x00000000f525c040,0x00000000f6180000)
  to   space 43008K, 0% used [0x00000000f7080000,0x00000000f7080000,0x00000000f9a80000)
 ParOldGen       total 132096K, used 47570K [0x00000000a0000000, 0x00000000a8100000, 0x00000000e0000000)
  object space 132096K, 36% used [0x00000000a0000000,0x00000000a2e749d8,0x00000000a8100000)
 Metaspace       used 86966K, capacity 97534K, committed 97940K, reserved 1132544K
  class space    used 11196K, capacity 13813K, committed 14012K, reserved 1048576K
GC Heap History (10 events):
Event: 20832.597 GC heap before
{Heap before GC invocations=45 (full 4):
 PSYoungGen      total 331264K, used 301985K [0x00000000e0000000, 0x00000000f7680000, 0x0000000100000000)
  eden space 288256K, 100% used [0x00000000e0000000,0x00000000f1980000,0x00000000f1980000)
  from space 43008K, 31% used [0x00000000f4c80000,0x00000000f59e8728,0x00000000f7680000)
  to   space 47616K, 0% used [0x00000000f1980000,0x00000000f1980000,0x00000000f4800000)
 ParOldGen       total 132096K, used 47538K [0x00000000a0000000, 0x00000000a8100000, 0x00000000e0000000)
  object space 132096K, 35% used [0x00000000a0000000,0x00000000a2e6c9d8,0x00000000a8100000)
 Metaspace       used 83930K, capacity 92560K, committed 95124K, reserved 1130496K
  class space    used 10618K, capacity 12715K, committed 13244K, reserved 1048576K
Event: 20845.679 GC heap after
Heap after GC invocations=45 (full 4):
 PSYoungGen      total 335872K, used 14163K [0x00000000e0000000, 0x00000000f8600000, 0x0000000100000000)
  eden space 288256K, 0% used [0x00000000e0000000,0x00000000e0000000,0x00000000f1980000)
  from space 47616K, 29% used [0x00000000f1980000,0x00000000f2754ef0,0x00000000f4800000)
  to   space 46080K, 0% used [0x00000000f5900000,0x00000000f5900000,0x00000000f8600000)
 ParOldGen       total 132096K, used 47546K [0x00000000a0000000, 0x00000000a8100000, 0x00000000e0000000)
  object space 132096K, 35% used [0x00000000a0000000,0x00000000a2e6e9d8,0x00000000a8100000)
 Metaspace       used 83930K, capacity 92560K, committed 95124K, reserved 1130496K
  class space    used 10618K, capacity 12715K, committed 13244K, reserved 1048576K
}
Event: 21385.712 GC heap before
{Heap before GC invocations=46 (full 4):
 PSYoungGen      total 335872K, used 302419K [0x00000000e0000000, 0x00000000f8600000, 0x0000000100000000)
  eden space 288256K, 100% used [0x00000000e0000000,0x00000000f1980000,0x00000000f1980000)
  from space 47616K, 29% used [0x00000000f1980000,0x00000000f2754ef0,0x00000000f4800000)
  to   space 46080K, 0% used [0x00000000f5900000,0x00000000f5900000,0x00000000f8600000)
 ParOldGen       total 132096K, used 47546K [0x00000000a0000000, 0x00000000a8100000, 0x00000000e0000000)
  object space 132096K, 35% used [0x00000000a0000000,0x00000000a2e6e9d8,0x00000000a8100000)
 Metaspace       used 84100K, capacity 92932K, committed 95380K, reserved 1132544K
  class space    used 10641K, capacity 12795K, committed 13244K, reserved 1048576K
Event: 21386.403 GC heap after
Heap after GC invocations=46 (full 4):
 PSYoungGen      total 345088K, used 14004K [0x00000000e0000000, 0x00000000f8080000, 0x0000000100000000)
  eden space 304640K, 0% used [0x00000000e0000000,0x00000000e0000000,0x00000000f2980000)
  from space 40448K, 34% used [0x00000000f5900000,0x00000000f66ad040,0x00000000f8080000)
  to   space 44544K, 0% used [0x00000000f2980000,0x00000000f2980000,0x00000000f5500000)
 ParOldGen       total 132096K, used 47546K [0x00000000a0000000, 0x00000000a8100000, 0x00000000e0000000)
  object space 132096K, 35% used [0x00000000a0000000,0x00000000a2e6e9d8,0x00000000a8100000)
 Metaspace       used 84100K, capacity 92932K, committed 95380K, reserved 1132544K
  class space    used 10641K, capacity 12795K, committed 13244K, reserved 1048576K
}
Event: 23083.282 GC heap before
{Heap before GC invocations=47 (full 4):
 PSYoungGen      total 345088K, used 318644K [0x00000000e0000000, 0x00000000f8080000, 0x0000000100000000)
  eden space 304640K, 100% used [0x00000000e0000000,0x00000000f2980000,0x00000000f2980000)
  from space 40448K, 34% used [0x00000000f5900000,0x00000000f66ad040,0x00000000f8080000)
  to   space 44544K, 0% used [0x00000000f2980000,0x00000000f2980000,0x00000000f5500000)
 ParOldGen       total 132096K, used 47546K [0x00000000a0000000, 0x00000000a8100000, 0x00000000e0000000)
  object space 132096K, 35% used [0x00000000a0000000,0x00000000a2e6e9d8,0x00000000a8100000)
 Metaspace       used 84254K, capacity 93236K, committed 95764K, reserved 1132544K
  class space    used 10664K, capacity 12875K, committed 13372K, reserved 1048576K
Event: 23085.397 GC heap after
Heap after GC invocations=47 (full 4):
 PSYoungGen      total 349184K, used 14208K [0x00000000e0000000, 0x00000000f8b80000, 0x0000000100000000)
  eden space 304640K, 0% used [0x00000000e0000000,0x00000000e0000000,0x00000000f2980000)
  from space 44544K, 31% used [0x00000000f2980000,0x00000000f3760138,0x00000000f5500000)
  to   space 43008K, 0% used [0x00000000f6180000,0x00000000f6180000,0x00000000f8b80000)
 ParOldGen       total 132096K, used 47554K [0x00000000a0000000, 0x00000000a8100000, 0x00000000e0000000)
  object space 132096K, 35% used [0x00000000a0000000,0x00000000a2e709d8,0x00000000a8100000)
 Metaspace       used 84254K, capacity 93236K, committed 95764K, reserved 1132544K
  class space    used 10664K, capacity 12875K, committed 13372K, reserved 1048576K
}
Event: 27239.880 GC heap before
{Heap before GC invocations=48 (full 4):
 PSYoungGen      total 349184K, used 318848K [0x00000000e0000000, 0x00000000f8b80000, 0x0000000100000000)
  eden space 304640K, 100% used [0x00000000e0000000,0x00000000f2980000,0x00000000f2980000)
  from space 44544K, 31% used [0x00000000f2980000,0x00000000f3760138,0x00000000f5500000)
  to   space 43008K, 0% used [0x00000000f6180000,0x00000000f6180000,0x00000000f8b80000)
 ParOldGen       total 132096K, used 47554K [0x00000000a0000000, 0x00000000a8100000, 0x00000000e0000000)
  object space 132096K, 35% used [0x00000000a0000000,0x00000000a2e709d8,0x00000000a8100000)
 Metaspace       used 85251K, capacity 94850K, committed 96404K, reserved 1132544K
  class space    used 10859K, capacity 13210K, committed 13500K, reserved 1048576K
Event: 27271.374 GC heap after
Heap after GC invocations=48 (full 4):
 PSYoungGen      total 362496K, used 24064K [0x00000000e0000000, 0x00000000f8d00000, 0x0000000100000000)
  eden space 319488K, 0% used [0x00000000e0000000,0x00000000e0000000,0x00000000f3800000)
  from space 43008K, 55% used [0x00000000f6180000,0x00000000f7900020,0x00000000f8b80000)
  to   space 42496K, 0% used [0x00000000f3800000,0x00000000f3800000,0x00000000f6180000)
 ParOldGen       total 132096K, used 47562K [0x00000000a0000000, 0x00000000a8100000, 0x00000000e0000000)
  object space 132096K, 36% used [0x00000000a0000000,0x00000000a2e729d8,0x00000000a8100000)
 Metaspace       used 85251K, capacity 94850K, committed 96404K, reserved 1132544K
  class space    used 10859K, capacity 13210K, committed 13500K, reserved 1048576K
}
Event: 34857.144 GC heap before
{Heap before GC invocations=49 (full 4):
 PSYoungGen      total 362496K, used 343552K [0x00000000e0000000, 0x00000000f8d00000, 0x0000000100000000)
  eden space 319488K, 100% used [0x00000000e0000000,0x00000000f3800000,0x00000000f3800000)
  from space 43008K, 55% used [0x00000000f6180000,0x00000000f7900020,0x00000000f8b80000)
  to   space 42496K, 0% used [0x00000000f3800000,0x00000000f3800000,0x00000000f6180000)
 ParOldGen       total 132096K, used 47562K [0x00000000a0000000, 0x00000000a8100000, 0x00000000e0000000)
  object space 132096K, 36% used [0x00000000a0000000,0x00000000a2e729d8,0x00000000a8100000)
 Metaspace       used 86381K, capacity 96678K, committed 97300K, reserved 1132544K
  class space    used 11091K, capacity 13641K, committed 13884K, reserved 1048576K
Event: 34865.699 GC heap after
Heap after GC invocations=49 (full 4):
 PSYoungGen      total 361984K, used 26992K [0x00000000e0000000, 0x00000000f9a80000, 0x0000000100000000)
  eden space 319488K, 0% used [0x00000000e0000000,0x00000000e0000000,0x00000000f3800000)
  from space 42496K, 63% used [0x00000000f3800000,0x00000000f525c040,0x00000000f6180000)
  to   space 43008K, 0% used [0x00000000f7080000,0x00000000f7080000,0x00000000f9a80000)
 ParOldGen       total 132096K, used 47570K [0x00000000a0000000, 0x00000000a8100000, 0x00000000e0000000)
  object space 132096K, 36% used [0x00000000a0000000,0x00000000a2e749d8,0x00000000a8100000)
 Metaspace       used 86381K, capacity 96678K, committed 97300K, reserved 1132544K
  class space    used 11091K, capacity 13641K, committed 13884K, reserved 1048576K
}

